<?xml version="1.0" encoding="UTF-8"?>
<!-- Generated by org.testng.reporters.JUnitReportReporter -->
<testsuite hostname="LAPTOP-RT4J0MA9" failures="0" tests="1" name="tests.class1" time="13.447" errors="0" timestamp="2022-01-08T14:04:25 IST" skipped="0">
  <testcase classname="tests.class1" name="f" time="13.447"/>
  <system-out/>
</testsuite> <!-- tests.class1 -->
